  ArmamentManager.cpp
C:\Users\Admin\Desktop\Main\CPP\CPPLearning.Part_I\Rifle.h(16,1): error C2027: использование неопределенного типа "Armamentspace::BaseMagazine"
C:\Users\Admin\Desktop\Main\CPP\CPPLearning.Part_I\Rifle.h(8): message : см. объявление "Armamentspace::BaseMagazine"
C:\Users\Admin\Desktop\Main\CPP\CPPLearning.Part_I\Rifle.h(21,1): warning C4150: удаление указателя на неполный тип "Armamentspace::BaseMagazine"; деструктор не вызван
C:\Users\Admin\Desktop\Main\CPP\CPPLearning.Part_I\Rifle.h(8): message : см. объявление "Armamentspace::BaseMagazine"
C:\Users\Admin\Desktop\Main\CPP\CPPLearning.Part_I\Rifle.h(39,1): error C2027: использование неопределенного типа "Armamentspace::BaseMagazine"
C:\Users\Admin\Desktop\Main\CPP\CPPLearning.Part_I\Rifle.h(8): message : см. объявление "Armamentspace::BaseMagazine"
C:\Users\Admin\Desktop\Main\CPP\CPPLearning.Part_I\Rifle.h(46,1): error C2027: использование неопределенного типа "Armamentspace::BaseMagazine"
C:\Users\Admin\Desktop\Main\CPP\CPPLearning.Part_I\Rifle.h(8): message : см. объявление "Armamentspace::BaseMagazine"
C:\Users\Admin\Desktop\Main\CPP\CPPLearning.Part_I\Rifle.h(53,1): error C2027: использование неопределенного типа "Armamentspace::BaseMagazine"
C:\Users\Admin\Desktop\Main\CPP\CPPLearning.Part_I\Rifle.h(8): message : см. объявление "Armamentspace::BaseMagazine"
  ConsoleApplication1.cpp
  Rifle.cpp
C:\Users\Admin\Desktop\Main\CPP\CPPLearning.Part_I\Rifle.h(16,1): error C2027: использование неопределенного типа "Armamentspace::BaseMagazine"
C:\Users\Admin\Desktop\Main\CPP\CPPLearning.Part_I\Rifle.h(8): message : см. объявление "Armamentspace::BaseMagazine"
C:\Users\Admin\Desktop\Main\CPP\CPPLearning.Part_I\Rifle.h(21,1): warning C4150: удаление указателя на неполный тип "Armamentspace::BaseMagazine"; деструктор не вызван
C:\Users\Admin\Desktop\Main\CPP\CPPLearning.Part_I\Rifle.h(8): message : см. объявление "Armamentspace::BaseMagazine"
C:\Users\Admin\Desktop\Main\CPP\CPPLearning.Part_I\Rifle.h(39,1): error C2027: использование неопределенного типа "Armamentspace::BaseMagazine"
C:\Users\Admin\Desktop\Main\CPP\CPPLearning.Part_I\Rifle.h(8): message : см. объявление "Armamentspace::BaseMagazine"
C:\Users\Admin\Desktop\Main\CPP\CPPLearning.Part_I\Rifle.h(46,1): error C2027: использование неопределенного типа "Armamentspace::BaseMagazine"
C:\Users\Admin\Desktop\Main\CPP\CPPLearning.Part_I\Rifle.h(8): message : см. объявление "Armamentspace::BaseMagazine"
C:\Users\Admin\Desktop\Main\CPP\CPPLearning.Part_I\Rifle.h(53,1): error C2027: использование неопределенного типа "Armamentspace::BaseMagazine"
C:\Users\Admin\Desktop\Main\CPP\CPPLearning.Part_I\Rifle.h(8): message : см. объявление "Armamentspace::BaseMagazine"
  Создание кода...
